#
# A fatal error has been detected by the Java Runtime Environment:
#
#  SIGBUS (0xa) at pc=0x00000001103bee92, pid=72431, tid=0x0000000000009f03
#
# JRE version: Java(TM) SE Runtime Environment (8.0_181-b13) (build 1.8.0_181-b13)
# Java VM: Java HotSpot(TM) 64-Bit Server VM (25.181-b13 mixed mode bsd-amd64 compressed oops)
# Problematic frame:
# C  [libzip.dylib+0x2e92]  newEntry+0x154
#
# Failed to write core dump. Core dumps have been disabled. To enable core dumping, try "ulimit -c unlimited" before starting Java again
#
# If you would like to submit a bug report, please visit:
#   http://bugreport.java.com/bugreport/crash.jsp
# The crash happened outside the Java Virtual Machine in native code.
# See problematic frame for where to report the bug.
#

---------------  T H R E A D  ---------------

Current thread (0x00007fe4391b5800):  JavaThread "http-nio-8081-exec-7" daemon [_thread_in_native, id=40707, stack(0x00007000050f7000,0x00007000051f7000)]

siginfo: si_signo: 10 (SIGBUS), si_code: 2 (BUS_ADRERR), si_addr: 0x000000011b808fa1

Registers:
RAX=0x00007fe433d17000, RBX=0x000000011b808f95, RCX=0x0000000000000000, RDX=0x0000000040000000
RSP=0x00007000051f38c0, RBP=0x00007000051f3920, RSI=0x000000004366453e, RDI=0x0000000000000453
R8 =0x000000004366453a, R9 =0x00007fe436600000, R10=0x0000000003ffffff, R11=0x000000000000001e
R12=0x00007fe434022600, R13=0x0000000000000400, R14=0x00000000eaf85f2e, R15=0x00007fe4364cda70
RIP=0x00000001103bee92, EFLAGS=0x0000000000010206, ERR=0x0000000000000004
  TRAPNO=0x000000000000000e

Top of Stack: (sp=0x00007000051f38c0)
0x00007000051f38c0:   00007000051f3988 00000000051f3d28
0x00007000051f38d0:   00007fe40000000c 0000000119d303d8
0x00007000051f38e0:   00007000051f3900 00007fe433d17000
0x00007000051f38f0:   00007fe436645390 00007fe433d17000
0x00007000051f3900:   00007fe434022600 0000000000000400
0x00007000051f3910:   00000000eaf85f2e 00007fe4364cda70
0x00007000051f3920:   00007000051f3980 00000001103bf52d
0x00007000051f3930:   00007000051f39b5 00007000051f39b4
0x00007000051f3940:   0000001500000000 00000016011b5800
0x00007000051f3950:   00007000051f399e 00007000051f3de8
0x00007000051f3960:   0000000000000016 00007000051f399e
0x00007000051f3970:   00007fe433d17000 00007fe4391b59f8
0x00007000051f3980:   00007000051f3dd0 00000001103be238
0x00007000051f3990:   00007fe43659a900 7570000100000001
0x00007000051f39a0:   646d692f63696c62 2e7865646e692f62
0x00007000051f39b0:   000000006c6d7468 0000000000000000
0x00007000051f39c0:   00007000051f3d20 00007fe42e0a5368
0x00007000051f39d0:   00007000051f39f0 0000000119d303d8
0x00007000051f39e0:   00007fe4391b5800 00007fe4391b5800
0x00007000051f39f0:   00007000051f46e0 000000010f542f12
0x00007000051f3a00:   000000011ecbb6d0 0000000119d303d8
0x00007000051f3a10:   00007fe4391b5800 000000022e0fa630
0x00007000051f3a20:   00007fe42e0d6820 0000000119d303d8
0x00007000051f3a30:   00007fe4391b5800 0000000119d303d8
0x00007000051f3a40:   00007fe42e784d70 0000000119d303d8
0x00007000051f3a50:   00007000051f3a80 0000000119d303d8
0x00007000051f3a60:   000000011e603ba0 00007000051f3b70
0x00007000051f3a70:   0000000119d303d8 00007000051f3d20
0x00007000051f3a80:   00007fe4391b5800 00007000051f3b70
0x00007000051f3a90:   0000000119d303d8 00007000051f3d20
0x00007000051f3aa0:   00007000051f3c10 000000010f727093
0x00007000051f3ab0:   00007000051f3ae0 00007fe43618d988 

Instructions: (pc=0x00000001103bee92)
0x00000001103bee72:   49 8b 7f 38 e8 5b 1b 00 00 4d 89 77 38 49 89 5f
0x00000001103bee82:   40 4c 89 f0 48 85 c0 0f 84 11 05 00 00 48 89 c3
0x00000001103bee92:   0f b6 43 0c 0f b6 4b 0d 48 c1 e1 08 48 01 c1 0f
0x00000001103beea2:   b6 43 0e 0f b6 53 0f 48 c1 e2 08 48 01 c2 48 c1 

Register to memory mapping:

RAX=0x00007fe433d17000 is an unknown value
RBX=0x000000011b808f95 is an unknown value
RCX=0x0000000000000000 is an unknown value
RDX=0x0000000040000000 is an unknown value
RSP=0x00007000051f38c0 is pointing into the stack for thread: 0x00007fe4391b5800
RBP=0x00007000051f3920 is pointing into the stack for thread: 0x00007fe4391b5800
RSI=0x000000004366453e is an unknown value
RDI=0x0000000000000453 is an unknown value
R8 =0x000000004366453a is an unknown value
R9 =0x00007fe436600000 is an unknown value
R10=0x0000000003ffffff is an unknown value
R11=0x000000000000001e is an unknown value
R12=0x00007fe434022600 is an unknown value
R13=0x0000000000000400 is an unknown value
R14=0x00000000eaf85f2e is an unknown value
R15=0x00007fe4364cda70 is an unknown value


Stack: [0x00007000050f7000,0x00007000051f7000],  sp=0x00007000051f38c0,  free space=1010k
Native frames: (J=compiled Java code, j=interpreted, Vv=VM code, C=native code)
C  [libzip.dylib+0x2e92]  newEntry+0x154
C  [libzip.dylib+0x352d]  ZIP_GetEntry2+0xd4
C  [libzip.dylib+0x2238]  Java_java_util_zip_ZipFile_getEntry+0xcf
J 104  java.util.zip.ZipFile.getEntry(J[BZ)J (0 bytes) @ 0x000000011e6fb64e [0x000000011e6fb580+0xce]
J 909 C2 sun.misc.URLClassPath$JarLoader.getResource(Ljava/lang/String;Z)Lsun/misc/Resource; (85 bytes) @ 0x000000011e982648 [0x000000011e982280+0x3c8]
J 2038 C2 sun.misc.URLClassPath.findResource(Ljava/lang/String;Z)Ljava/net/URL; (47 bytes) @ 0x000000011ecb6478 [0x000000011ecb5fc0+0x4b8]
J 1419 C1 java.net.URLClassLoader$2.run()Ljava/lang/Object; (5 bytes) @ 0x000000011eaf7734 [0x000000011eaf7640+0xf4]
v  ~StubRoutines::call_stub
V  [libjvm.dylib+0x2efcba]
V  [libjvm.dylib+0x3505b0]
J 733  java.security.AccessController.doPrivileged(Ljava/security/PrivilegedAction;Ljava/security/AccessControlContext;)Ljava/lang/Object; (0 bytes) @ 0x000000011e89bf55 [0x000000011e89be80+0xd5]
J 1344 C1 java.net.URLClassLoader.findResource(Ljava/lang/String;)Ljava/net/URL; (37 bytes) @ 0x000000011eab53d4 [0x000000011eab5240+0x194]
J 1343 C1 java.lang.ClassLoader.getResource(Ljava/lang/String;)Ljava/net/URL; (36 bytes) @ 0x000000011eab3764 [0x000000011eab32a0+0x4c4]
J 1625 C1 org.springframework.core.io.ClassPathResource.resolveURL()Ljava/net/URL; (46 bytes) @ 0x000000011eb8474c [0x000000011eb83c60+0xaec]
J 1711 C1 org.springframework.core.io.ClassPathResource.exists()Z (13 bytes) @ 0x000000011ebca374 [0x000000011ebca280+0xf4]
j  org.springframework.web.servlet.resource.PathResourceResolver.getResource(Ljava/lang/String;Lorg/springframework/core/io/Resource;)Lorg/springframework/core/io/Resource;+9
j  org.springframework.web.servlet.resource.PathResourceResolver.getResource(Ljava/lang/String;Ljava/util/List;)Lorg/springframework/core/io/Resource;+72
j  org.springframework.web.servlet.resource.PathResourceResolver.resolveResourceInternal(Ljavax/servlet/http/HttpServletRequest;Ljava/lang/String;Ljava/util/List;Lorg/springframework/web/servlet/resource/ResourceResolverChain;)Lorg/springframework/core/io/Resource;+3
j  org.springframework.web.servlet.resource.AbstractResourceResolver.resolveResource(Ljavax/servlet/http/HttpServletRequest;Ljava/lang/String;Ljava/util/List;Lorg/springframework/web/servlet/resource/ResourceResolverChain;)Lorg/springframework/core/io/Resource;+51
j  org.springframework.web.servlet.resource.DefaultResourceResolverChain.resolveResource(Ljavax/servlet/http/HttpServletRequest;Ljava/lang/String;Ljava/util/List;)Lorg/springframework/core/io/Resource;+19
j  org.springframework.web.servlet.resource.ResourceHttpRequestHandler.getResource(Ljavax/servlet/http/HttpServletRequest;)Lorg/springframework/core/io/Resource;+207
j  org.springframework.web.servlet.resource.ResourceHttpRequestHandler.handleRequest(Ljavax/servlet/http/HttpServletRequest;Ljavax/servlet/http/HttpServletResponse;)V+2
j  org.springframework.web.servlet.mvc.HttpRequestHandlerAdapter.handle(Ljavax/servlet/http/HttpServletRequest;Ljavax/servlet/http/HttpServletResponse;Ljava/lang/Object;)Lorg/springframework/web/servlet/ModelAndView;+6
j  org.springframework.web.servlet.DispatcherServlet.doDispatch(Ljavax/servlet/http/HttpServletRequest;Ljavax/servlet/http/HttpServletResponse;)V+318
j  org.springframework.web.servlet.DispatcherServlet.doService(Ljavax/servlet/http/HttpServletRequest;Ljavax/servlet/http/HttpServletResponse;)V+301
j  org.springframework.web.servlet.FrameworkServlet.processRequest(Ljavax/servlet/http/HttpServletRequest;Ljavax/servlet/http/HttpServletResponse;)V+71
j  org.springframework.web.servlet.FrameworkServlet.doGet(Ljavax/servlet/http/HttpServletRequest;Ljavax/servlet/http/HttpServletResponse;)V+3
j  javax.servlet.http.HttpServlet.service(Ljavax/servlet/http/HttpServletRequest;Ljavax/servlet/http/HttpServletResponse;)V+35
j  org.springframework.web.servlet.FrameworkServlet.service(Ljavax/servlet/http/HttpServletRequest;Ljavax/servlet/http/HttpServletResponse;)V+33
j  javax.servlet.http.HttpServlet.service(Ljavax/servlet/ServletRequest;Ljavax/servlet/ServletResponse;)V+30
j  org.apache.catalina.core.ApplicationFilterChain.internalDoFilter(Ljavax/servlet/ServletRequest;Ljavax/servlet/ServletResponse;)V+304
j  org.apache.catalina.core.ApplicationFilterChain.doFilter(Ljavax/servlet/ServletRequest;Ljavax/servlet/ServletResponse;)V+101
j  org.apache.tomcat.websocket.server.WsFilter.doFilter(Ljavax/servlet/ServletRequest;Ljavax/servlet/ServletResponse;Ljavax/servlet/FilterChain;)V+21
j  org.apache.catalina.core.ApplicationFilterChain.internalDoFilter(Ljavax/servlet/ServletRequest;Ljavax/servlet/ServletResponse;)V+135
j  org.apache.catalina.core.ApplicationFilterChain.doFilter(Ljavax/servlet/ServletRequest;Ljavax/servlet/ServletResponse;)V+101
j  org.springframework.boot.web.filter.ApplicationContextHeaderFilter.doFilterInternal(Ljavax/servlet/http/HttpServletRequest;Ljavax/servlet/http/HttpServletResponse;Ljavax/servlet/FilterChain;)V+20
j  org.springframework.web.filter.OncePerRequestFilter.doFilter(Ljavax/servlet/ServletRequest;Ljavax/servlet/ServletResponse;Ljavax/servlet/FilterChain;)V+111
j  org.apache.catalina.core.ApplicationFilterChain.internalDoFilter(Ljavax/servlet/ServletRequest;Ljavax/servlet/ServletResponse;)V+135
j  org.apache.catalina.core.ApplicationFilterChain.doFilter(Ljavax/servlet/ServletRequest;Ljavax/servlet/ServletResponse;)V+101
j  org.springframework.boot.actuate.trace.WebRequestTraceFilter.doFilterInternal(Ljavax/servlet/http/HttpServletRequest;Ljavax/servlet/http/HttpServletResponse;Ljavax/servlet/FilterChain;)V+25
j  org.springframework.web.filter.OncePerRequestFilter.doFilter(Ljavax/servlet/ServletRequest;Ljavax/servlet/ServletResponse;Ljavax/servlet/FilterChain;)V+111
j  org.apache.catalina.core.ApplicationFilterChain.internalDoFilter(Ljavax/servlet/ServletRequest;Ljavax/servlet/ServletResponse;)V+135
j  org.apache.catalina.core.ApplicationFilterChain.doFilter(Ljavax/servlet/ServletRequest;Ljavax/servlet/ServletResponse;)V+101
j  org.springframework.web.filter.CharacterEncodingFilter.doFilterInternal(Ljavax/servlet/http/HttpServletRequest;Ljavax/servlet/http/HttpServletResponse;Ljavax/servlet/FilterChain;)V+53
j  org.springframework.web.filter.OncePerRequestFilter.doFilter(Ljavax/servlet/ServletRequest;Ljavax/servlet/ServletResponse;Ljavax/servlet/FilterChain;)V+111
j  org.apache.catalina.core.ApplicationFilterChain.internalDoFilter(Ljavax/servlet/ServletRequest;Ljavax/servlet/ServletResponse;)V+135
j  org.apache.catalina.core.ApplicationFilterChain.doFilter(Ljavax/servlet/ServletRequest;Ljavax/servlet/ServletResponse;)V+101
j  org.springframework.boot.actuate.autoconfigure.MetricsFilter.doFilterInternal(Ljavax/servlet/http/HttpServletRequest;Ljavax/servlet/http/HttpServletResponse;Ljavax/servlet/FilterChain;)V+31
j  org.springframework.web.filter.OncePerRequestFilter.doFilter(Ljavax/servlet/ServletRequest;Ljavax/servlet/ServletResponse;Ljavax/servlet/FilterChain;)V+111
j  org.apache.catalina.core.ApplicationFilterChain.internalDoFilter(Ljavax/servlet/ServletRequest;Ljavax/servlet/ServletResponse;)V+135
j  org.apache.catalina.core.ApplicationFilterChain.doFilter(Ljavax/servlet/ServletRequest;Ljavax/servlet/ServletResponse;)V+101
j  org.apache.catalina.core.StandardWrapperValve.invoke(Lorg/apache/catalina/connector/Request;Lorg/apache/catalina/connector/Response;)V+688
j  org.apache.catalina.core.StandardContextValve.invoke(Lorg/apache/catalina/connector/Request;Lorg/apache/catalina/connector/Response;)V+166
j  org.apache.catalina.authenticator.AuthenticatorBase.invoke(Lorg/apache/catalina/connector/Request;Lorg/apache/catalina/connector/Response;)V+537
j  org.apache.catalina.core.StandardHostValve.invoke(Lorg/apache/catalina/connector/Request;Lorg/apache/catalina/connector/Response;)V+135
j  org.apache.catalina.valves.ErrorReportValve.invoke(Lorg/apache/catalina/connector/Request;Lorg/apache/catalina/connector/Response;)V+6
j  org.apache.catalina.core.StandardEngineValve.invoke(Lorg/apache/catalina/connector/Request;Lorg/apache/catalina/connector/Response;)V+71
j  org.apache.catalina.connector.CoyoteAdapter.service(Lorg/apache/coyote/Request;Lorg/apache/coyote/Response;)V+199
j  org.apache.coyote.http11.Http11Processor.service(Lorg/apache/tomcat/util/net/SocketWrapperBase;)Lorg/apache/tomcat/util/net/AbstractEndpoint$Handler$SocketState;+790
j  org.apache.coyote.AbstractProcessorLight.process(Lorg/apache/tomcat/util/net/SocketWrapperBase;Lorg/apache/tomcat/util/net/SocketEvent;)Lorg/apache/tomcat/util/net/AbstractEndpoint$Handler$SocketState;+106
j  org.apache.coyote.AbstractProtocol$ConnectionHandler.process(Lorg/apache/tomcat/util/net/SocketWrapperBase;Lorg/apache/tomcat/util/net/SocketEvent;)Lorg/apache/tomcat/util/net/AbstractEndpoint$Handler$SocketState;+295
j  org.apache.tomcat.util.net.NioEndpoint$SocketProcessor.doRun()V+166
j  org.apache.tomcat.util.net.SocketProcessorBase.run()V+21
j  java.util.concurrent.ThreadPoolExecutor.runWorker(Ljava/util/concurrent/ThreadPoolExecutor$Worker;)V+95
j  java.util.concurrent.ThreadPoolExecutor$Worker.run()V+5
j  org.apache.tomcat.util.threads.TaskThread$WrappingRunnable.run()V+4
j  java.lang.Thread.run()V+11
v  ~StubRoutines::call_stub
V  [libjvm.dylib+0x2efcba]
V  [libjvm.dylib+0x2f045e]
V  [libjvm.dylib+0x2f060a]
V  [libjvm.dylib+0x34aef9]
V  [libjvm.dylib+0x56fa7f]
V  [libjvm.dylib+0x57117a]
V  [libjvm.dylib+0x48e342]
C  [libsystem_pthread.dylib+0x333d]  _pthread_body+0x7e
C  [libsystem_pthread.dylib+0x62a7]  _pthread_start+0x46
C  [libsystem_pthread.dylib+0x2425]  thread_start+0xd
C  0x0000000000000000

Java frames: (J=compiled Java code, j=interpreted, Vv=VM code)
J 104  java.util.zip.ZipFile.getEntry(J[BZ)J (0 bytes) @ 0x000000011e6fb5d8 [0x000000011e6fb580+0x58]
J 909 C2 sun.misc.URLClassPath$JarLoader.getResource(Ljava/lang/String;Z)Lsun/misc/Resource; (85 bytes) @ 0x000000011e982648 [0x000000011e982280+0x3c8]
J 2038 C2 sun.misc.URLClassPath.findResource(Ljava/lang/String;Z)Ljava/net/URL; (47 bytes) @ 0x000000011ecb6478 [0x000000011ecb5fc0+0x4b8]
J 1419 C1 java.net.URLClassLoader$2.run()Ljava/lang/Object; (5 bytes) @ 0x000000011eaf7734 [0x000000011eaf7640+0xf4]
v  ~StubRoutines::call_stub
J 733  java.security.AccessController.doPrivileged(Ljava/security/PrivilegedAction;Ljava/security/AccessControlContext;)Ljava/lang/Object; (0 bytes) @ 0x000000011e89bee3 [0x000000011e89be80+0x63]
J 1344 C1 java.net.URLClassLoader.findResource(Ljava/lang/String;)Ljava/net/URL; (37 bytes) @ 0x000000011eab53d4 [0x000000011eab5240+0x194]
J 1343 C1 java.lang.ClassLoader.getResource(Ljava/lang/String;)Ljava/net/URL; (36 bytes) @ 0x000000011eab3764 [0x000000011eab32a0+0x4c4]
J 1625 C1 org.springframework.core.io.ClassPathResource.resolveURL()Ljava/net/URL; (46 bytes) @ 0x000000011eb8474c [0x000000011eb83c60+0xaec]
J 1711 C1 org.springframework.core.io.ClassPathResource.exists()Z (13 bytes) @ 0x000000011ebca374 [0x000000011ebca280+0xf4]
j  org.springframework.web.servlet.resource.PathResourceResolver.getResource(Ljava/lang/String;Lorg/springframework/core/io/Resource;)Lorg/springframework/core/io/Resource;+9
j  org.springframework.web.servlet.resource.PathResourceResolver.getResource(Ljava/lang/String;Ljava/util/List;)Lorg/springframework/core/io/Resource;+72
j  org.springframework.web.servlet.resource.PathResourceResolver.resolveResourceInternal(Ljavax/servlet/http/HttpServletRequest;Ljava/lang/String;Ljava/util/List;Lorg/springframework/web/servlet/resource/ResourceResolverChain;)Lorg/springframework/core/io/Resource;+3
j  org.springframework.web.servlet.resource.AbstractResourceResolver.resolveResource(Ljavax/servlet/http/HttpServletRequest;Ljava/lang/String;Ljava/util/List;Lorg/springframework/web/servlet/resource/ResourceResolverChain;)Lorg/springframework/core/io/Resource;+51
j  org.springframework.web.servlet.resource.DefaultResourceResolverChain.resolveResource(Ljavax/servlet/http/HttpServletRequest;Ljava/lang/String;Ljava/util/List;)Lorg/springframework/core/io/Resource;+19
j  org.springframework.web.servlet.resource.ResourceHttpRequestHandler.getResource(Ljavax/servlet/http/HttpServletRequest;)Lorg/springframework/core/io/Resource;+207
j  org.springframework.web.servlet.resource.ResourceHttpRequestHandler.handleRequest(Ljavax/servlet/http/HttpServletRequest;Ljavax/servlet/http/HttpServletResponse;)V+2
j  org.springframework.web.servlet.mvc.HttpRequestHandlerAdapter.handle(Ljavax/servlet/http/HttpServletRequest;Ljavax/servlet/http/HttpServletResponse;Ljava/lang/Object;)Lorg/springframework/web/servlet/ModelAndView;+6
j  org.springframework.web.servlet.DispatcherServlet.doDispatch(Ljavax/servlet/http/HttpServletRequest;Ljavax/servlet/http/HttpServletResponse;)V+318
j  org.springframework.web.servlet.DispatcherServlet.doService(Ljavax/servlet/http/HttpServletRequest;Ljavax/servlet/http/HttpServletResponse;)V+301
j  org.springframework.web.servlet.FrameworkServlet.processRequest(Ljavax/servlet/http/HttpServletRequest;Ljavax/servlet/http/HttpServletResponse;)V+71
j  org.springframework.web.servlet.FrameworkServlet.doGet(Ljavax/servlet/http/HttpServletRequest;Ljavax/servlet/http/HttpServletResponse;)V+3
j  javax.servlet.http.HttpServlet.service(Ljavax/servlet/http/HttpServletRequest;Ljavax/servlet/http/HttpServletResponse;)V+35
j  org.springframework.web.servlet.FrameworkServlet.service(Ljavax/servlet/http/HttpServletRequest;Ljavax/servlet/http/HttpServletResponse;)V+33
j  javax.servlet.http.HttpServlet.service(Ljavax/servlet/ServletRequest;Ljavax/servlet/ServletResponse;)V+30
j  org.apache.catalina.core.ApplicationFilterChain.internalDoFilter(Ljavax/servlet/ServletRequest;Ljavax/servlet/ServletResponse;)V+304
j  org.apache.catalina.core.ApplicationFilterChain.doFilter(Ljavax/servlet/ServletRequest;Ljavax/servlet/ServletResponse;)V+101
j  org.apache.tomcat.websocket.server.WsFilter.doFilter(Ljavax/servlet/ServletRequest;Ljavax/servlet/ServletResponse;Ljavax/servlet/FilterChain;)V+21
j  org.apache.catalina.core.ApplicationFilterChain.internalDoFilter(Ljavax/servlet/ServletRequest;Ljavax/servlet/ServletResponse;)V+135
j  org.apache.catalina.core.ApplicationFilterChain.doFilter(Ljavax/servlet/ServletRequest;Ljavax/servlet/ServletResponse;)V+101
j  org.springframework.boot.web.filter.ApplicationContextHeaderFilter.doFilterInternal(Ljavax/servlet/http/HttpServletRequest;Ljavax/servlet/http/HttpServletResponse;Ljavax/servlet/FilterChain;)V+20
j  org.springframework.web.filter.OncePerRequestFilter.doFilter(Ljavax/servlet/ServletRequest;Ljavax/servlet/ServletResponse;Ljavax/servlet/FilterChain;)V+111
j  org.apache.catalina.core.ApplicationFilterChain.internalDoFilter(Ljavax/servlet/ServletRequest;Ljavax/servlet/ServletResponse;)V+135
j  org.apache.catalina.core.ApplicationFilterChain.doFilter(Ljavax/servlet/ServletRequest;Ljavax/servlet/ServletResponse;)V+101
j  org.springframework.boot.actuate.trace.WebRequestTraceFilter.doFilterInternal(Ljavax/servlet/http/HttpServletRequest;Ljavax/servlet/http/HttpServletResponse;Ljavax/servlet/FilterChain;)V+25
j  org.springframework.web.filter.OncePerRequestFilter.doFilter(Ljavax/servlet/ServletRequest;Ljavax/servlet/ServletResponse;Ljavax/servlet/FilterChain;)V+111
j  org.apache.catalina.core.ApplicationFilterChain.internalDoFilter(Ljavax/servlet/ServletRequest;Ljavax/servlet/ServletResponse;)V+135
j  org.apache.catalina.core.ApplicationFilterChain.doFilter(Ljavax/servlet/ServletRequest;Ljavax/servlet/ServletResponse;)V+101
j  org.springframework.web.filter.CharacterEncodingFilter.doFilterInternal(Ljavax/servlet/http/HttpServletRequest;Ljavax/servlet/http/HttpServletResponse;Ljavax/servlet/FilterChain;)V+53
j  org.springframework.web.filter.OncePerRequestFilter.doFilter(Ljavax/servlet/ServletRequest;Ljavax/servlet/ServletResponse;Ljavax/servlet/FilterChain;)V+111
j  org.apache.catalina.core.ApplicationFilterChain.internalDoFilter(Ljavax/servlet/ServletRequest;Ljavax/servlet/ServletResponse;)V+135
j  org.apache.catalina.core.ApplicationFilterChain.doFilter(Ljavax/servlet/ServletRequest;Ljavax/servlet/ServletResponse;)V+101
j  org.springframework.boot.actuate.autoconfigure.MetricsFilter.doFilterInternal(Ljavax/servlet/http/HttpServletRequest;Ljavax/servlet/http/HttpServletResponse;Ljavax/servlet/FilterChain;)V+31
j  org.springframework.web.filter.OncePerRequestFilter.doFilter(Ljavax/servlet/ServletRequest;Ljavax/servlet/ServletResponse;Ljavax/servlet/FilterChain;)V+111
j  org.apache.catalina.core.ApplicationFilterChain.internalDoFilter(Ljavax/servlet/ServletRequest;Ljavax/servlet/ServletResponse;)V+135
j  org.apache.catalina.core.ApplicationFilterChain.doFilter(Ljavax/servlet/ServletRequest;Ljavax/servlet/ServletResponse;)V+101
j  org.apache.catalina.core.StandardWrapperValve.invoke(Lorg/apache/catalina/connector/Request;Lorg/apache/catalina/connector/Response;)V+688
j  org.apache.catalina.core.StandardContextValve.invoke(Lorg/apache/catalina/connector/Request;Lorg/apache/catalina/connector/Response;)V+166
j  org.apache.catalina.authenticator.AuthenticatorBase.invoke(Lorg/apache/catalina/connector/Request;Lorg/apache/catalina/connector/Response;)V+537
j  org.apache.catalina.core.StandardHostValve.invoke(Lorg/apache/catalina/connector/Request;Lorg/apache/catalina/connector/Response;)V+135
j  org.apache.catalina.valves.ErrorReportValve.invoke(Lorg/apache/catalina/connector/Request;Lorg/apache/catalina/connector/Response;)V+6
j  org.apache.catalina.core.StandardEngineValve.invoke(Lorg/apache/catalina/connector/Request;Lorg/apache/catalina/connector/Response;)V+71
j  org.apache.catalina.connector.CoyoteAdapter.service(Lorg/apache/coyote/Request;Lorg/apache/coyote/Response;)V+199
j  org.apache.coyote.http11.Http11Processor.service(Lorg/apache/tomcat/util/net/SocketWrapperBase;)Lorg/apache/tomcat/util/net/AbstractEndpoint$Handler$SocketState;+790
j  org.apache.coyote.AbstractProcessorLight.process(Lorg/apache/tomcat/util/net/SocketWrapperBase;Lorg/apache/tomcat/util/net/SocketEvent;)Lorg/apache/tomcat/util/net/AbstractEndpoint$Handler$SocketState;+106
j  org.apache.coyote.AbstractProtocol$ConnectionHandler.process(Lorg/apache/tomcat/util/net/SocketWrapperBase;Lorg/apache/tomcat/util/net/SocketEvent;)Lorg/apache/tomcat/util/net/AbstractEndpoint$Handler$SocketState;+295
j  org.apache.tomcat.util.net.NioEndpoint$SocketProcessor.doRun()V+166
j  org.apache.tomcat.util.net.SocketProcessorBase.run()V+21
j  java.util.concurrent.ThreadPoolExecutor.runWorker(Ljava/util/concurrent/ThreadPoolExecutor$Worker;)V+95
j  java.util.concurrent.ThreadPoolExecutor$Worker.run()V+5
j  org.apache.tomcat.util.threads.TaskThread$WrappingRunnable.run()V+4
j  java.lang.Thread.run()V+11
v  ~StubRoutines::call_stub

---------------  P R O C E S S  ---------------

Java Threads: ( => current thread )
  0x00007fe43a184000 JavaThread "http-nio-8081-exec-10" daemon [_thread_blocked, id=24067, stack(0x0000700005400000,0x0000700005500000)]
  0x00007fe4391b6800 JavaThread "http-nio-8081-exec-9" daemon [_thread_blocked, id=23555, stack(0x00007000052fd000,0x00007000053fd000)]
  0x00007fe43a1d9800 JavaThread "http-nio-8081-exec-8" daemon [_thread_blocked, id=23299, stack(0x00007000051fa000,0x00007000052fa000)]
=>0x00007fe4391b5800 JavaThread "http-nio-8081-exec-7" daemon [_thread_in_native, id=40707, stack(0x00007000050f7000,0x00007000051f7000)]
  0x00007fe43a1d8800 JavaThread "http-nio-8081-exec-6" daemon [_thread_blocked, id=22787, stack(0x0000700004ff4000,0x00007000050f4000)]
  0x00007fe4391b2800 JavaThread "http-nio-8081-exec-5" daemon [_thread_blocked, id=41475, stack(0x0000700004ef1000,0x0000700004ff1000)]
  0x00007fe43a1d7800 JavaThread "http-nio-8081-exec-4" daemon [_thread_blocked, id=22275, stack(0x0000700004dee000,0x0000700004eee000)]
  0x00007fe439a5c800 JavaThread "http-nio-8081-exec-3" daemon [_thread_blocked, id=41987, stack(0x0000700004ceb000,0x0000700004deb000)]
  0x00007fe438c34000 JavaThread "http-nio-8081-exec-2" daemon [_thread_blocked, id=18951, stack(0x00007000044d3000,0x00007000045d3000)]
  0x00007fe43980a800 JavaThread "http-nio-8081-exec-1" daemon [_thread_blocked, id=19207, stack(0x00007000043d0000,0x00007000044d0000)]
  0x00007fe434bd0800 JavaThread "DestroyJavaVM" [_thread_blocked, id=6147, stack(0x00007000035a6000,0x00007000036a6000)]
  0x00007fe434bd5000 JavaThread "http-nio-8081-AsyncTimeout" daemon [_thread_blocked, id=42499, stack(0x0000700004be8000,0x0000700004ce8000)]
  0x00007fe437470800 JavaThread "http-nio-8081-Acceptor-0" daemon [_thread_in_native, id=43011, stack(0x0000700004ae5000,0x0000700004be5000)]
  0x00007fe4391c8000 JavaThread "http-nio-8081-ClientPoller-1" daemon [_thread_in_native, id=22019, stack(0x00007000049e2000,0x0000700004ae2000)]
  0x00007fe437eb2000 JavaThread "http-nio-8081-ClientPoller-0" daemon [_thread_in_native, id=18179, stack(0x00007000048df000,0x00007000049df000)]
  0x00007fe438827000 JavaThread "NioBlockingSelector.BlockPoller-1" daemon [_thread_in_native, id=17671, stack(0x00007000047dc000,0x00007000048dc000)]
  0x00007fe434094000 JavaThread "container-0" [_thread_blocked, id=18691, stack(0x00007000046d9000,0x00007000047d9000)]
  0x00007fe435162000 JavaThread "ContainerBackgroundProcessor[StandardEngine[Tomcat].StandardHost[localhost].StandardContext[]]" daemon [_thread_blocked, id=3335, stack(0x00007000045d6000,0x00007000046d6000)]
  0x00007fe435811000 JavaThread "Service Thread" daemon [_thread_blocked, id=16131, stack(0x00007000041ca000,0x00007000042ca000)]
  0x00007fe434846800 JavaThread "C1 CompilerThread2" daemon [_thread_blocked, id=19715, stack(0x00007000040c7000,0x00007000041c7000)]
  0x00007fe434846000 JavaThread "C2 CompilerThread1" daemon [_thread_blocked, id=15363, stack(0x0000700003fc4000,0x00007000040c4000)]
  0x00007fe434834000 JavaThread "C2 CompilerThread0" daemon [_thread_blocked, id=15107, stack(0x0000700003ec1000,0x0000700003fc1000)]
  0x00007fe43581f000 JavaThread "Signal Dispatcher" daemon [_thread_blocked, id=20483, stack(0x0000700003dbe000,0x0000700003ebe000)]
  0x00007fe435804800 JavaThread "Finalizer" daemon [_thread_blocked, id=12803, stack(0x0000700003cbb000,0x0000700003dbb000)]
  0x00007fe43482f000 JavaThread "Reference Handler" daemon [_thread_blocked, id=12547, stack(0x0000700003bb8000,0x0000700003cb8000)]

Other Threads:
  0x00007fe434828800 VMThread [stack: 0x0000700003ab5000,0x0000700003bb5000] [id=12035]
  0x00007fe434851800 WatcherThread [stack: 0x00007000042cd000,0x00007000043cd000] [id=16643]

VM state:not at safepoint (normal execution)

VM Mutex/Monitor currently owned by a thread: None

Heap:
 PSYoungGen      total 666624K, used 88546K [0x000000076ab00000, 0x0000000796180000, 0x00000007c0000000)
  eden space 642560K, 10% used [0x000000076ab00000,0x000000076e9f99a0,0x0000000791e80000)
  from space 24064K, 99% used [0x0000000794a00000,0x000000079617ef98,0x0000000796180000)
  to   space 26624K, 0% used [0x0000000792d80000,0x0000000792d80000,0x0000000794780000)
 ParOldGen       total 136192K, used 35635K [0x00000006c0000000, 0x00000006c8500000, 0x000000076ab00000)
  object space 136192K, 26% used [0x00000006c0000000,0x00000006c22ccd40,0x00000006c8500000)
 Metaspace       used 52053K, capacity 52596K, committed 52864K, reserved 1095680K
  class space    used 6607K, capacity 6751K, committed 6784K, reserved 1048576K

Card table byte_map: [0x0000000110785000,0x0000000110f86000] byte_map_base: 0x000000010d185000

Marking Bits: (ParMarkBitMap*) 0x000000010fcf9cd0
 Begin Bits: [0x00000001114dc000, 0x00000001154dc000)
 End Bits:   [0x00000001154dc000, 0x00000001194dc000)

Polling page: 0x000000010ebb9000

CodeCache: size=245760Kb used=15652Kb max_used=16433Kb free=230107Kb
 bounds [0x000000011e5bd000, 0x000000011f60d000, 0x000000012d5bd000]
 total_blobs=5821 nmethods=5302 adapters=432
 compilation: enabled

Compilation events (10 events):
Event: 275.427 Thread 0x00007fe434846800 nmethod 6290 0x000000011f342950 code [0x000000011f342ac0, 0x000000011f342dd0]
Event: 275.427 Thread 0x00007fe434846800 6289       3       org.apache.catalina.webresources.Cache$EvictionOrder::compare (13 bytes)
Event: 275.427 Thread 0x00007fe434846800 nmethod 6289 0x000000011f342050 code [0x000000011f3421e0, 0x000000011f342730]
Event: 279.530 Thread 0x00007fe434846800 6291       3       java.nio.DirectByteBuffer::ix (10 bytes)
Event: 279.530 Thread 0x00007fe434846800 nmethod 6291 0x000000011f078bd0 code [0x000000011f078d20, 0x000000011f078e70]
Event: 279.530 Thread 0x00007fe434846800 6293       3       org.apache.catalina.connector.Request::isAsyncSupported (17 bytes)
Event: 279.531 Thread 0x00007fe434846800 nmethod 6293 0x000000011f341bd0 code [0x000000011f341d40, 0x000000011f341f90]
Event: 279.531 Thread 0x00007fe434846800 6292       3       org.apache.tomcat.util.buf.CharChunk::setChars (31 bytes)
Event: 279.532 Thread 0x00007fe434846800 nmethod 6292 0x000000011f341850 code [0x000000011f3419a0, 0x000000011f341b30]
Event: 279.532 Thread 0x00007fe434846800 6295       3       org.springframework.util.StringUtils::tokenizeToStringArray (83 bytes)

GC Heap History (10 events):
Event: 5.800 GC heap before
{Heap before GC invocations=8 (full 1):
 PSYoungGen      total 257024K, used 249721K [0x000000076ab00000, 0x000000077c400000, 0x00000007c0000000)
  eden space 246272K, 97% used [0x000000076ab00000,0x00000007794c6c00,0x0000000779b80000)
  from space 10752K, 96% used [0x000000077b980000,0x000000077c397a50,0x000000077c400000)
  to   space 14848K, 0% used [0x000000077a700000,0x000000077a700000,0x000000077b580000)
 ParOldGen       total 87552K, used 11710K [0x00000006c0000000, 0x00000006c5580000, 0x000000076ab00000)
  object space 87552K, 13% used [0x00000006c0000000,0x00000006c0b6f8b8,0x00000006c5580000)
 Metaspace       used 33139K, capacity 33480K, committed 33792K, reserved 1079296K
  class space    used 4108K, capacity 4229K, committed 4352K, reserved 1048576K
Event: 5.827 GC heap after
Heap after GC invocations=8 (full 1):
 PSYoungGen      total 272896K, used 13660K [0x000000076ab00000, 0x0000000788580000, 0x00000007c0000000)
  eden space 258048K, 0% used [0x000000076ab00000,0x000000076ab00000,0x000000077a700000)
  from space 14848K, 91% used [0x000000077a700000,0x000000077b457078,0x000000077b580000)
  to   space 15360K, 0% used [0x0000000787680000,0x0000000787680000,0x0000000788580000)
 ParOldGen       total 87552K, used 21954K [0x00000006c0000000, 0x00000006c5580000, 0x000000076ab00000)
  object space 87552K, 25% used [0x00000006c0000000,0x00000006c1570b48,0x00000006c5580000)
 Metaspace       used 33139K, capacity 33480K, committed 33792K, reserved 1079296K
  class space    used 4108K, capacity 4229K, committed 4352K, reserved 1048576K
}
Event: 7.493 GC heap before
{Heap before GC invocations=9 (full 1):
 PSYoungGen      total 272896K, used 271708K [0x000000076ab00000, 0x0000000788580000, 0x00000007c0000000)
  eden space 258048K, 100% used [0x000000076ab00000,0x000000077a700000,0x000000077a700000)
  from space 14848K, 91% used [0x000000077a700000,0x000000077b457078,0x000000077b580000)
  to   space 15360K, 0% used [0x0000000787680000,0x0000000787680000,0x0000000788580000)
 ParOldGen       total 87552K, used 21954K [0x00000006c0000000, 0x00000006c5580000, 0x000000076ab00000)
  object space 87552K, 25% used [0x00000006c0000000,0x00000006c1570b48,0x00000006c5580000)
 Metaspace       used 33874K, capacity 34248K, committed 34560K, reserved 1079296K
  class space    used 4128K, capacity 4229K, committed 4352K, reserved 1048576K
Event: 7.546 GC heap after
Heap after GC invocations=9 (full 1):
 PSYoungGen      total 462336K, used 15338K [0x000000076ab00000, 0x000000078a380000, 0x00000007c0000000)
  eden space 446976K, 0% used [0x000000076ab00000,0x000000076ab00000,0x0000000785f80000)
  from space 15360K, 99% used [0x0000000787680000,0x000000078857a950,0x0000000788580000)
  to   space 23552K, 0% used [0x0000000785f80000,0x0000000785f80000,0x0000000787680000)
 ParOldGen       total 87552K, used 38104K [0x00000006c0000000, 0x00000006c5580000, 0x000000076ab00000)
  object space 87552K, 43% used [0x00000006c0000000,0x00000006c2536368,0x00000006c5580000)
 Metaspace       used 33874K, capacity 34248K, committed 34560K, reserved 1079296K
  class space    used 4128K, capacity 4229K, committed 4352K, reserved 1048576K
}
Event: 8.108 GC heap before
{Heap before GC invocations=10 (full 1):
 PSYoungGen      total 462336K, used 117690K [0x000000076ab00000, 0x000000078a380000, 0x00000007c0000000)
  eden space 446976K, 22% used [0x000000076ab00000,0x0000000770ef4028,0x0000000785f80000)
  from space 15360K, 99% used [0x0000000787680000,0x000000078857a950,0x0000000788580000)
  to   space 23552K, 0% used [0x0000000785f80000,0x0000000785f80000,0x0000000787680000)
 ParOldGen       total 87552K, used 38104K [0x00000006c0000000, 0x00000006c5580000, 0x000000076ab00000)
  object space 87552K, 43% used [0x00000006c0000000,0x00000006c2536368,0x00000006c5580000)
 Metaspace       used 34944K, capacity 35272K, committed 35456K, reserved 1081344K
  class space    used 4301K, capacity 4421K, committed 4480K, reserved 1048576K
Event: 8.150 GC heap after
Heap after GC invocations=10 (full 1):
 PSYoungGen      total 470528K, used 17781K [0x000000076ab00000, 0x0000000796180000, 0x00000007c0000000)
  eden space 446976K, 0% used [0x000000076ab00000,0x000000076ab00000,0x0000000785f80000)
  from space 23552K, 75% used [0x0000000785f80000,0x00000007870dd410,0x0000000787680000)
  to   space 24064K, 0% used [0x0000000794a00000,0x0000000794a00000,0x0000000796180000)
 ParOldGen       total 87552K, used 41080K [0x00000006c0000000, 0x00000006c5580000, 0x000000076ab00000)
  object space 87552K, 46% used [0x00000006c0000000,0x00000006c281e3a8,0x00000006c5580000)
 Metaspace       used 34944K, capacity 35272K, committed 35456K, reserved 1081344K
  class space    used 4301K, capacity 4421K, committed 4480K, reserved 1048576K
}
Event: 8.150 GC heap before
{Heap before GC invocations=11 (full 2):
 PSYoungGen      total 470528K, used 17781K [0x000000076ab00000, 0x0000000796180000, 0x00000007c0000000)
  eden space 446976K, 0% used [0x000000076ab00000,0x000000076ab00000,0x0000000785f80000)
  from space 23552K, 75% used [0x0000000785f80000,0x00000007870dd410,0x0000000787680000)
  to   space 24064K, 0% used [0x0000000794a00000,0x0000000794a00000,0x0000000796180000)
 ParOldGen       total 87552K, used 41080K [0x00000006c0000000, 0x00000006c5580000, 0x000000076ab00000)
  object space 87552K, 46% used [0x00000006c0000000,0x00000006c281e3a8,0x00000006c5580000)
 Metaspace       used 34944K, capacity 35272K, committed 35456K, reserved 1081344K
  class space    used 4301K, capacity 4421K, committed 4480K, reserved 1048576K
Event: 8.326 GC heap after
Heap after GC invocations=11 (full 2):
 PSYoungGen      total 470528K, used 0K [0x000000076ab00000, 0x0000000796180000, 0x00000007c0000000)
  eden space 446976K, 0% used [0x000000076ab00000,0x000000076ab00000,0x0000000785f80000)
  from space 23552K, 0% used [0x0000000785f80000,0x0000000785f80000,0x0000000787680000)
  to   space 24064K, 0% used [0x0000000794a00000,0x0000000794a00000,0x0000000796180000)
 ParOldGen       total 136192K, used 35192K [0x00000006c0000000, 0x00000006c8500000, 0x000000076ab00000)
  object space 136192K, 25% used [0x00000006c0000000,0x00000006c225e018,0x00000006c8500000)
 Metaspace       used 34944K, capacity 35272K, committed 35456K, reserved 1081344K
  class space    used 4301K, capacity 4421K, committed 4480K, reserved 1048576K
}
Event: 23.056 GC heap before
{Heap before GC invocations=12 (full 2):
 PSYoungGen      total 470528K, used 446976K [0x000000076ab00000, 0x0000000796180000, 0x00000007c0000000)
  eden space 446976K, 100% used [0x000000076ab00000,0x0000000785f80000,0x0000000785f80000)
  from space 23552K, 0% used [0x0000000785f80000,0x0000000785f80000,0x0000000787680000)
  to   space 24064K, 0% used [0x0000000794a00000,0x0000000794a00000,0x0000000796180000)
 ParOldGen       total 136192K, used 35192K [0x00000006c0000000, 0x00000006c8500000, 0x000000076ab00000)
  object space 136192K, 25% used [0x00000006c0000000,0x00000006c225e018,0x00000006c8500000)
 Metaspace       used 51367K, capacity 51842K, committed 52224K, reserved 1095680K
  class space    used 6544K, capacity 6652K, committed 6656K, reserved 1048576K
Event: 23.122 GC heap after
Heap after GC invocations=12 (full 2):
 PSYoungGen      total 666624K, used 24059K [0x000000076ab00000, 0x0000000796180000, 0x00000007c0000000)
  eden space 642560K, 0% used [0x000000076ab00000,0x000000076ab00000,0x0000000791e80000)
  from space 24064K, 99% used [0x0000000794a00000,0x000000079617ef98,0x0000000796180000)
  to   space 26624K, 0% used [0x0000000792d80000,0x0000000792d80000,0x0000000794780000)
 ParOldGen       total 136192K, used 35635K [0x00000006c0000000, 0x00000006c8500000, 0x000000076ab00000)
  object space 136192K, 26% used [0x00000006c0000000,0x00000006c22ccd40,0x00000006c8500000)
 Metaspace       used 51367K, capacity 51842K, committed 52224K, reserved 1095680K
  class space    used 6544K, capacity 6652K, committed 6656K, reserved 1048576K
}

Deoptimization events (10 events):
Event: 13.890 Thread 0x00007fe434017000 Uncommon trap: reason=speculate_class_check action=maybe_recompile pc=0x000000011f4b5d9c method=java.util.AbstractList.listIterator()Ljava/util/ListIterator; @ 2
Event: 13.896 Thread 0x00007fe434017000 Uncommon trap: reason=speculate_class_check action=maybe_recompile pc=0x000000011f4b5d9c method=java.util.AbstractList.listIterator()Ljava/util/ListIterator; @ 2
Event: 13.898 Thread 0x00007fe434017000 Uncommon trap: reason=predicate action=maybe_recompile pc=0x000000011f32afc8 method=java.util.AbstractCollection.addAll(Ljava/util/Collection;)Z @ 18
Event: 22.893 Thread 0x00007fe43980a800 Uncommon trap: reason=bimorphic action=maybe_recompile pc=0x000000011f2b4f90 method=java.util.AbstractList$Itr.next()Ljava/lang/Object; @ 14
Event: 22.895 Thread 0x00007fe43980a800 Uncommon trap: reason=bimorphic action=maybe_recompile pc=0x000000011f2b4f90 method=java.util.AbstractList$Itr.next()Ljava/lang/Object; @ 14
Event: 22.898 Thread 0x00007fe43980a800 Uncommon trap: reason=bimorphic action=maybe_recompile pc=0x000000011f2b4f90 method=java.util.AbstractList$Itr.next()Ljava/lang/Object; @ 14
Event: 22.899 Thread 0x00007fe43980a800 Uncommon trap: reason=bimorphic action=maybe_recompile pc=0x000000011f2b4f90 method=java.util.AbstractList$Itr.next()Ljava/lang/Object; @ 14
Event: 216.345 Thread 0x00007fe4391b6800 Uncommon trap: reason=unstable_if action=reinterpret pc=0x000000011edffbc4 method=java.nio.Buffer.limit(I)Ljava/nio/Buffer; @ 33
Event: 216.438 Thread 0x00007fe43a184000 Uncommon trap: reason=null_check action=make_not_entrant pc=0x000000011f5acfb8 method=org.springframework.core.annotation.AnnotatedElementUtils.searchWithFindSemantics(Ljava/lang/reflect/AnnotatedElement;Ljava/lang/Class;Ljava/lang/String;Ljava/lang/Class
Event: 216.742 Thread 0x00007fe438c34000 Uncommon trap: reason=unstable_if action=reinterpret pc=0x000000011e74d644 method=java.util.concurrent.ConcurrentHashMap.addCount(JI)V @ 34

Classes redefined (0 events):
No events

Internal exceptions (10 events):
Event: 22.809 Thread 0x00007fe43980a800 Exception <a 'java/lang/ClassNotFoundException': org/springframework/web/servlet/theme/FixedThemeResolverCustomizer> (0x000000078571e408) thrown at [/Users/java_re/workspace/8-2-build-macosx-x86_64/jdk8u181/11358/hotspot/src/share/vm/classfile/systemDicti
Event: 22.812 Thread 0x00007fe43980a800 Exception <a 'java/lang/ClassNotFoundException': org/springframework/web/servlet/ThemeResolverCustomizer> (0x000000078573d3c0) thrown at [/Users/java_re/workspace/8-2-build-macosx-x86_64/jdk8u181/11358/hotspot/src/share/vm/classfile/systemDictionary.cpp, 
Event: 22.823 Thread 0x00007fe43980a800 Exception <a 'java/lang/ClassNotFoundException': java/lang/ObjectCustomizer> (0x0000000785765560) thrown at [/Users/java_re/workspace/8-2-build-macosx-x86_64/jdk8u181/11358/hotspot/src/share/vm/classfile/systemDictionary.cpp, line 210]
Event: 22.826 Thread 0x00007fe43980a800 Exception <a 'java/lang/ClassNotFoundException': org/springframework/web/servlet/view/DefaultRequestToViewNameTranslatorCustomizer> (0x000000078578c190) thrown at [/Users/java_re/workspace/8-2-build-macosx-x86_64/jdk8u181/11358/hotspot/src/share/vm/classf
Event: 22.828 Thread 0x00007fe43980a800 Exception <a 'java/lang/ClassNotFoundException': org/springframework/web/servlet/RequestToViewNameTranslatorCustomizer> (0x00000007857bda20) thrown at [/Users/java_re/workspace/8-2-build-macosx-x86_64/jdk8u181/11358/hotspot/src/share/vm/classfile/systemDi
Event: 22.839 Thread 0x00007fe43980a800 Exception <a 'java/lang/ClassNotFoundException': java/lang/ObjectCustomizer> (0x00000007857f2ba0) thrown at [/Users/java_re/workspace/8-2-build-macosx-x86_64/jdk8u181/11358/hotspot/src/share/vm/classfile/systemDictionary.cpp, line 210]
Event: 22.841 Thread 0x00007fe43980a800 Exception <a 'java/lang/ClassNotFoundException': org/springframework/web/servlet/support/AbstractFlashMapManagerCustomizer> (0x0000000785817180) thrown at [/Users/java_re/workspace/8-2-build-macosx-x86_64/jdk8u181/11358/hotspot/src/share/vm/classfile/syst
Event: 22.844 Thread 0x00007fe43980a800 Exception <a 'java/lang/ClassNotFoundException': org/springframework/web/servlet/support/SessionFlashMapManagerCustomizer> (0x000000078583f608) thrown at [/Users/java_re/workspace/8-2-build-macosx-x86_64/jdk8u181/11358/hotspot/src/share/vm/classfile/syste
Event: 22.847 Thread 0x00007fe43980a800 Exception <a 'java/lang/ClassNotFoundException': org/springframework/web/servlet/FlashMapManagerCustomizer> (0x000000078585e580) thrown at [/Users/java_re/workspace/8-2-build-macosx-x86_64/jdk8u181/11358/hotspot/src/share/vm/classfile/systemDictionary.cpp
Event: 216.438 Thread 0x00007fe43a184000 Implicit null exception at 0x000000011f5a49e5 to 0x000000011f5acf95

Events (10 events):
Event: 216.707 Executing VM operation: RevokeBias
Event: 216.708 Executing VM operation: RevokeBias done
Event: 216.708 Executing VM operation: RevokeBias
Event: 216.708 Executing VM operation: RevokeBias done
Event: 216.742 Thread 0x00007fe438c34000 Uncommon trap: trap_request=0xffffff65 fr.pc=0x000000011e74d644
Event: 216.742 Thread 0x00007fe438c34000 DEOPT PACKING pc=0x000000011e74d644 sp=0x00007000045d24b0
Event: 216.742 Thread 0x00007fe438c34000 DEOPT UNPACKING pc=0x000000011e60273a sp=0x00007000045d2418 mode 2
Event: 277.255 Executing VM operation: RevokeBias
Event: 277.255 Executing VM operation: RevokeBias done
Event: 279.531 Thread 0x00007fe434846800 flushing nmethod 0x000000011e7f6ed0


Dynamic libraries:
0x00007fff3f542000 	/System/Library/Frameworks/Cocoa.framework/Versions/A/Cocoa
0x00007fff4b7c2000 	/System/Library/Frameworks/Security.framework/Versions/A/Security
0x00007fff3e14c000 	/System/Library/Frameworks/ApplicationServices.framework/Versions/A/ApplicationServices
0x00007fff6cc33000 	/usr/lib/libz.1.dylib
0x00007fff6a2a9000 	/usr/lib/libSystem.B.dylib
0x00007fff6bd50000 	/usr/lib/libobjc.A.dylib
0x00007fff3fd64000 	/System/Library/Frameworks/CoreFoundation.framework/Versions/A/CoreFoundation
0x00007fff420e3000 	/System/Library/Frameworks/Foundation.framework/Versions/C/Foundation
0x00007fff3d2db000 	/System/Library/Frameworks/AppKit.framework/Versions/C/AppKit
0x00007fff3f8d9000 	/System/Library/Frameworks/CoreData.framework/Versions/A/CoreData
0x00007fff6349b000 	/System/Library/PrivateFrameworks/RemoteViewServices.framework/Versions/A/RemoteViewServices
0x00007fff67f84000 	/System/Library/PrivateFrameworks/UIFoundation.framework/Versions/A/UIFoundation
0x00007fff69730000 	/System/Library/PrivateFrameworks/XCTTargetBootstrap.framework/Versions/A/XCTTargetBootstrap
0x00007fff5dffa000 	/System/Library/PrivateFrameworks/IconServices.framework/Versions/A/IconServices
0x00007fff44988000 	/System/Library/Frameworks/Metal.framework/Versions/A/Metal
0x00007fff5528c000 	/System/Library/PrivateFrameworks/DesktopServicesPriv.framework/Versions/A/DesktopServicesPriv
0x00007fff6b064000 	/usr/lib/libenergytrace.dylib
0x00007fff65cfd000 	/System/Library/PrivateFrameworks/SkyLight.framework/Versions/A/SkyLight
0x00007fff401b5000 	/System/Library/Frameworks/CoreGraphics.framework/Versions/A/CoreGraphics
0x00007fff3c096000 	/System/Library/Frameworks/Accelerate.framework/Versions/A/Accelerate
0x00007fff42869000 	/System/Library/Frameworks/IOSurface.framework/Versions/A/IOSurface
0x00007fff550ee000 	/System/Library/PrivateFrameworks/DFRFoundation.framework/Versions/A/DFRFoundation
0x00007fff3e651000 	/System/Library/Frameworks/AudioToolbox.framework/Versions/A/AudioToolbox
0x00007fff3e8ef000 	/System/Library/Frameworks/AudioUnit.framework/Versions/A/AudioUnit
0x00007fff55185000 	/System/Library/PrivateFrameworks/DataDetectorsCore.framework/Versions/A/DataDetectorsCore
0x00007fff3f02e000 	/System/Library/Frameworks/Carbon.framework/Versions/A/Frameworks/HIToolbox.framework/Versions/A/HIToolbox
0x00007fff6b1bf000 	/usr/lib/libicucore.A.dylib
0x00007fff4ad1e000 	/System/Library/Frameworks/QuartzCore.framework/Versions/A/QuartzCore
0x00007fff3f415000 	/System/Library/Frameworks/Carbon.framework/Versions/A/Frameworks/SpeechRecognition.framework/Versions/A/SpeechRecognition
0x00007fff6a40c000 	/usr/lib/libauto.dylib
0x00007fff6cb26000 	/usr/lib/libxml2.2.dylib
0x00007fff54cf3000 	/System/Library/PrivateFrameworks/CoreUI.framework/Versions/A/CoreUI
0x00007fff3f7b7000 	/System/Library/Frameworks/CoreAudio.framework/Versions/A/CoreAudio
0x00007fff41f15000 	/System/Library/Frameworks/DiskArbitration.framework/Versions/A/DiskArbitration
0x00007fff6b46f000 	/usr/lib/liblangid.dylib
0x00007fff5f4a4000 	/System/Library/PrivateFrameworks/MultitouchSupport.framework/Versions/A/MultitouchSupport
0x00007fff427d6000 	/System/Library/Frameworks/IOKit.framework/Versions/A/IOKit
0x00007fff69ef7000 	/usr/lib/libDiagnosticMessagesClient.dylib
0x00007fff41020000 	/System/Library/Frameworks/CoreServices.framework/Versions/A/CoreServices
0x00007fff611ce000 	/System/Library/PrivateFrameworks/PerformanceAnalysis.framework/Versions/A/PerformanceAnalysis
0x00007fff49eb3000 	/System/Library/Frameworks/OpenGL.framework/Versions/A/OpenGL
0x00007fff3f550000 	/System/Library/Frameworks/ColorSync.framework/Versions/A/ColorSync
0x00007fff40844000 	/System/Library/Frameworks/CoreImage.framework/Versions/A/CoreImage
0x00007fff41a5e000 	/System/Library/Frameworks/CoreText.framework/Versions/A/CoreText
0x00007fff428ca000 	/System/Library/Frameworks/ImageIO.framework/Versions/A/ImageIO
0x00007fff51369000 	/System/Library/PrivateFrameworks/Backup.framework/Versions/A/Backup
0x00007fff6a35f000 	/usr/lib/libarchive.2.dylib
0x00007fff3ec53000 	/System/Library/Frameworks/CFNetwork.framework/Versions/A/CFNetwork
0x00007fff4bf6b000 	/System/Library/Frameworks/SystemConfiguration.framework/Versions/A/SystemConfiguration
0x00007fff69e20000 	/usr/lib/libCRFSuite.dylib
0x00007fff6a504000 	/usr/lib/libc++.1.dylib
0x00007fff6a55c000 	/usr/lib/libc++abi.dylib
0x00007fff6ccb6000 	/usr/lib/system/libcache.dylib
0x00007fff6ccbb000 	/usr/lib/system/libcommonCrypto.dylib
0x00007fff6ccc6000 	/usr/lib/system/libcompiler_rt.dylib
0x00007fff6ccce000 	/usr/lib/system/libcopyfile.dylib
0x00007fff6ccd8000 	/usr/lib/system/libcorecrypto.dylib
0x00007fff6cde2000 	/usr/lib/system/libdispatch.dylib
0x00007fff6ce1d000 	/usr/lib/system/libdyld.dylib
0x00007fff6ce4d000 	/usr/lib/system/libkeymgr.dylib
0x00007fff6ce5b000 	/usr/lib/system/liblaunch.dylib
0x00007fff6ce5c000 	/usr/lib/system/libmacho.dylib
0x00007fff6ce62000 	/usr/lib/system/libquarantine.dylib
0x00007fff6ce65000 	/usr/lib/system/libremovefile.dylib
0x00007fff6ce67000 	/usr/lib/system/libsystem_asl.dylib
0x00007fff6ce7f000 	/usr/lib/system/libsystem_blocks.dylib
0x00007fff6ce80000 	/usr/lib/system/libsystem_c.dylib
0x00007fff6cf09000 	/usr/lib/system/libsystem_configuration.dylib
0x00007fff6cf0d000 	/usr/lib/system/libsystem_coreservices.dylib
0x00007fff6cf11000 	/usr/lib/system/libsystem_darwin.dylib
0x00007fff6cf18000 	/usr/lib/system/libsystem_dnssd.dylib
0x00007fff6cf1f000 	/usr/lib/system/libsystem_info.dylib
0x00007fff6cf94000 	/usr/lib/system/libsystem_m.dylib
0x00007fff6cfe0000 	/usr/lib/system/libsystem_malloc.dylib
0x00007fff6d005000 	/usr/lib/system/libsystem_networkextension.dylib
0x00007fff6d011000 	/usr/lib/system/libsystem_notify.dylib
0x00007fff6d02e000 	/usr/lib/system/libsystem_sandbox.dylib
0x00007fff6d032000 	/usr/lib/system/libsystem_secinit.dylib
0x00007fff6cf6c000 	/usr/lib/system/libsystem_kernel.dylib
0x00007fff6d019000 	/usr/lib/system/libsystem_platform.dylib
0x00007fff6d023000 	/usr/lib/system/libsystem_pthread.dylib
0x00007fff6d035000 	/usr/lib/system/libsystem_symptoms.dylib
0x00007fff6d03d000 	/usr/lib/system/libsystem_trace.dylib
0x00007fff6d054000 	/usr/lib/system/libunwind.dylib
0x00007fff6d05a000 	/usr/lib/system/libxpc.dylib
0x00007fff6a4e4000 	/usr/lib/libbsm.0.dylib
0x00007fff6ce4e000 	/usr/lib/system/libkxld.dylib
0x00007fff50625000 	/System/Library/PrivateFrameworks/AppleFSCompression.framework/Versions/A/AppleFSCompression
0x00007fff6a168000 	/usr/lib/libOpenScriptingUtil.dylib
0x00007fff6a847000 	/usr/lib/libcoretls.dylib
0x00007fff6a85e000 	/usr/lib/libcoretls_cfhelpers.dylib
0x00007fff6c4e9000 	/usr/lib/libpam.2.dylib
0x00007fff6c6ac000 	/usr/lib/libsqlite3.dylib
0x00007fff6cb14000 	/usr/lib/libxar.1.dylib
0x00007fff6a4f5000 	/usr/lib/libbz2.1.0.dylib
0x00007fff6b471000 	/usr/lib/liblzma.5.dylib
0x00007fff6b967000 	/usr/lib/libnetwork.dylib
0x00007fff6a348000 	/usr/lib/libapple_nghttp2.dylib
0x00007fff6c4f0000 	/usr/lib/libpcap.A.dylib
0x00007fff413c4000 	/System/Library/Frameworks/CoreServices.framework/Versions/A/Frameworks/FSEvents.framework/Versions/A/FSEvents
0x00007fff410a0000 	/System/Library/Frameworks/CoreServices.framework/Versions/A/Frameworks/CarbonCore.framework/Versions/A/CarbonCore
0x00007fff41599000 	/System/Library/Frameworks/CoreServices.framework/Versions/A/Frameworks/Metadata.framework/Versions/A/Metadata
0x00007fff4163c000 	/System/Library/Frameworks/CoreServices.framework/Versions/A/Frameworks/OSServices.framework/Versions/A/OSServices
0x00007fff41688000 	/System/Library/Frameworks/CoreServices.framework/Versions/A/Frameworks/SearchKit.framework/Versions/A/SearchKit
0x00007fff41021000 	/System/Library/Frameworks/CoreServices.framework/Versions/A/Frameworks/AE.framework/Versions/A/AE
0x00007fff413cd000 	/System/Library/Frameworks/CoreServices.framework/Versions/A/Frameworks/LaunchServices.framework/Versions/A/LaunchServices
0x00007fff41379000 	/System/Library/Frameworks/CoreServices.framework/Versions/A/Frameworks/DictionaryServices.framework/Versions/A/DictionaryServices
0x00007fff416f7000 	/System/Library/Frameworks/CoreServices.framework/Versions/A/Frameworks/SharedFileList.framework/Versions/A/SharedFileList
0x00007fff45e43000 	/System/Library/Frameworks/NetFS.framework/Versions/A/NetFS
0x00007fff5f740000 	/System/Library/PrivateFrameworks/NetAuth.framework/Versions/A/NetAuth
0x00007fff69b64000 	/System/Library/PrivateFrameworks/login.framework/Versions/A/Frameworks/loginsupport.framework/Versions/A/loginsupport
0x00007fff67b80000 	/System/Library/PrivateFrameworks/TCC.framework/Versions/A/TCC
0x00007fff5431b000 	/System/Library/PrivateFrameworks/CoreNLP.framework/Versions/A/CoreNLP
0x00007fff5f196000 	/System/Library/PrivateFrameworks/MetadataUtilities.framework/Versions/A/MetadataUtilities
0x00007fff6b552000 	/usr/lib/libmecabra.dylib
0x00007fff3e14d000 	/System/Library/Frameworks/ApplicationServices.framework/Versions/A/Frameworks/ATS.framework/Versions/A/ATS
0x00007fff3e4b8000 	/System/Library/Frameworks/ApplicationServices.framework/Versions/A/Frameworks/ColorSyncLegacy.framework/Versions/A/ColorSyncLegacy
0x00007fff3e559000 	/System/Library/Frameworks/ApplicationServices.framework/Versions/A/Frameworks/HIServices.framework/Versions/A/HIServices
0x00007fff3e5ac000 	/System/Library/Frameworks/ApplicationServices.framework/Versions/A/Frameworks/LangAnalysis.framework/Versions/A/LangAnalysis
0x00007fff3e5bb000 	/System/Library/Frameworks/ApplicationServices.framework/Versions/A/Frameworks/PrintCore.framework/Versions/A/PrintCore
0x00007fff3e608000 	/System/Library/Frameworks/ApplicationServices.framework/Versions/A/Frameworks/QD.framework/Versions/A/QD
0x00007fff3e644000 	/System/Library/Frameworks/ApplicationServices.framework/Versions/A/Frameworks/SpeechSynthesis.framework/Versions/A/SpeechSynthesis
0x00007fff6a584000 	/usr/lib/libcompression.dylib
0x00007fff3fc7a000 	/System/Library/Frameworks/CoreDisplay.framework/Versions/A/CoreDisplay
0x00007fff44c44000 	/System/Library/Frameworks/MetalPerformanceShaders.framework/Versions/A/MetalPerformanceShaders
0x00007fff3c0ae000 	/System/Library/Frameworks/Accelerate.framework/Versions/A/Frameworks/vImage.framework/Versions/A/vImage
0x00007fff3d12a000 	/System/Library/Frameworks/Accelerate.framework/Versions/A/Frameworks/vecLib.framework/Versions/A/vecLib
0x00007fff3d074000 	/System/Library/Frameworks/Accelerate.framework/Versions/A/Frameworks/vecLib.framework/Versions/A/libvMisc.dylib
0x00007fff3ce8f000 	/System/Library/Frameworks/Accelerate.framework/Versions/A/Frameworks/vecLib.framework/Versions/A/libvDSP.dylib
0x00007fff3c74f000 	/System/Library/Frameworks/Accelerate.framework/Versions/A/Frameworks/vecLib.framework/Versions/A/libBLAS.dylib
0x00007fff3ca3a000 	/System/Library/Frameworks/Accelerate.framework/Versions/A/Frameworks/vecLib.framework/Versions/A/libLAPACK.dylib
0x00007fff3cde1000 	/System/Library/Frameworks/Accelerate.framework/Versions/A/Frameworks/vecLib.framework/Versions/A/libLinearAlgebra.dylib
0x00007fff3ce7b000 	/System/Library/Frameworks/Accelerate.framework/Versions/A/Frameworks/vecLib.framework/Versions/A/libSparseBLAS.dylib
0x00007fff3cdf7000 	/System/Library/Frameworks/Accelerate.framework/Versions/A/Frameworks/vecLib.framework/Versions/A/libQuadrature.dylib
0x00007fff3c9c7000 	/System/Library/Frameworks/Accelerate.framework/Versions/A/Frameworks/vecLib.framework/Versions/A/libBNNS.dylib
0x00007fff3cdfd000 	/System/Library/Frameworks/Accelerate.framework/Versions/A/Frameworks/vecLib.framework/Versions/A/libSparse.dylib
0x00007fff5b819000 	/System/Library/PrivateFrameworks/GPUWrangler.framework/Versions/A/GPUWrangler
0x00007fff5dbc3000 	/System/Library/PrivateFrameworks/IOAccelerator.framework/Versions/A/IOAccelerator
0x00007fff5dbce000 	/System/Library/PrivateFrameworks/IOPresentment.framework/Versions/A/IOPresentment
0x00007fff550fe000 	/System/Library/PrivateFrameworks/DSExternalDisplay.framework/Versions/A/DSExternalDisplay
0x00007fff492f8000 	/System/Library/Frameworks/OpenGL.framework/Versions/A/Libraries/libCoreFSCache.dylib
0x00007fff44a38000 	/System/Library/Frameworks/MetalPerformanceShaders.framework/Frameworks/MPSCore.framework/Versions/A/MPSCore
0x00007fff44a59000 	/System/Library/Frameworks/MetalPerformanceShaders.framework/Frameworks/MPSImage.framework/Versions/A/MPSImage
0x00007fff44b00000 	/System/Library/Frameworks/MetalPerformanceShaders.framework/Frameworks/MPSNeuralNetwork.framework/Versions/A/MPSNeuralNetwork
0x00007fff44ad7000 	/System/Library/Frameworks/MetalPerformanceShaders.framework/Frameworks/MPSMatrix.framework/Versions/A/MPSMatrix
0x00007fff44c28000 	/System/Library/Frameworks/MetalPerformanceShaders.framework/Frameworks/MPSRayIntersector.framework/Versions/A/MPSRayIntersector
0x00007fff5f1bf000 	/System/Library/PrivateFrameworks/MetalTools.framework/Versions/A/MetalTools
0x00007fff4fd21000 	/System/Library/PrivateFrameworks/AggregateDictionary.framework/Versions/A/AggregateDictionary
0x00007fff6a148000 	/usr/lib/libMobileGestalt.dylib
0x00007fff41bc4000 	/System/Library/Frameworks/CoreVideo.framework/Versions/A/CoreVideo
0x00007fff5c67d000 	/System/Library/PrivateFrameworks/GraphVisualizer.framework/Versions/A/GraphVisualizer
0x00007fff56429000 	/System/Library/PrivateFrameworks/FaceCore.framework/Versions/A/FaceCore
0x00007fff4890f000 	/System/Library/Frameworks/OpenCL.framework/Versions/A/OpenCL
0x00007fff69f2f000 	/usr/lib/libFosl_dynamic.dylib
0x00007fff60015000 	/System/Library/PrivateFrameworks/OTSVG.framework/Versions/A/OTSVG
0x00007fff3e251000 	/System/Library/Frameworks/ApplicationServices.framework/Versions/A/Frameworks/ATS.framework/Versions/A/Resources/libFontParser.dylib
0x00007fff3e371000 	/System/Library/Frameworks/ApplicationServices.framework/Versions/A/Frameworks/ATS.framework/Versions/A/Resources/libFontRegistry.dylib
0x00007fff42b4a000 	/System/Library/Frameworks/ImageIO.framework/Versions/A/Resources/libJPEG.dylib
0x00007fff42e6c000 	/System/Library/Frameworks/ImageIO.framework/Versions/A/Resources/libTIFF.dylib
0x00007fff42e42000 	/System/Library/Frameworks/ImageIO.framework/Versions/A/Resources/libPng.dylib
0x00007fff42a5f000 	/System/Library/Frameworks/ImageIO.framework/Versions/A/Resources/libGIF.dylib
0x00007fff42a64000 	/System/Library/Frameworks/ImageIO.framework/Versions/A/Resources/libJP2.dylib
0x00007fff42e69000 	/System/Library/Frameworks/ImageIO.framework/Versions/A/Resources/libRadiance.dylib
0x00007fff5077e000 	/System/Library/PrivateFrameworks/AppleJPEG.framework/Versions/A/AppleJPEG
0x00007fff49303000 	/System/Library/Frameworks/OpenGL.framework/Versions/A/Libraries/libGFXShared.dylib
0x00007fff494c6000 	/System/Library/Frameworks/OpenGL.framework/Versions/A/Libraries/libGLU.dylib
0x00007fff4930c000 	/System/Library/Frameworks/OpenGL.framework/Versions/A/Libraries/libGL.dylib
0x00007fff49318000 	/System/Library/Frameworks/OpenGL.framework/Versions/A/Libraries/libGLImage.dylib
0x00007fff492f5000 	/System/Library/Frameworks/OpenGL.framework/Versions/A/Libraries/libCVMSPluginSupport.dylib
0x00007fff492fe000 	/System/Library/Frameworks/OpenGL.framework/Versions/A/Libraries/libCoreVMClient.dylib
0x00007fff6aed6000 	/usr/lib/libcups.2.dylib
0x00007fff43f50000 	/System/Library/Frameworks/Kerberos.framework/Versions/A/Kerberos
0x00007fff42522000 	/System/Library/Frameworks/GSS.framework/Versions/A/GSS
0x00007fff6c640000 	/usr/lib/libresolv.9.dylib
0x00007fff6b0cd000 	/usr/lib/libiconv.2.dylib
0x00007fff5c773000 	/System/Library/PrivateFrameworks/Heimdal.framework/Versions/A/Heimdal
0x00007fff6b09c000 	/usr/lib/libheimdal-asn1.dylib
0x00007fff48986000 	/System/Library/Frameworks/OpenDirectory.framework/Versions/A/OpenDirectory
0x00007fff5302c000 	/System/Library/PrivateFrameworks/CommonAuth.framework/Versions/A/CommonAuth
0x00007fff48969000 	/System/Library/Frameworks/OpenDirectory.framework/Versions/A/Frameworks/CFOpenDirectory.framework/Versions/A/CFOpenDirectory
0x00007fff4bae9000 	/System/Library/Frameworks/SecurityFoundation.framework/Versions/A/SecurityFoundation
0x00007fff4f240000 	/System/Library/PrivateFrameworks/APFS.framework/Versions/A/APFS
0x00007fff6cb10000 	/usr/lib/libutil.dylib
0x00007fff6a572000 	/usr/lib/libcharset.1.dylib
0x00007fff50a17000 	/System/Library/PrivateFrameworks/AppleSauce.framework/Versions/A/AppleSauce
0x00007fff50ba5000 	/System/Library/PrivateFrameworks/AssertionServices.framework/Versions/A/AssertionServices
0x00007fff5140c000 	/System/Library/PrivateFrameworks/BaseBoard.framework/Versions/A/BaseBoard
0x00007fff6b4a1000 	/usr/lib/libmecab.1.0.0.dylib
0x00007fff6b096000 	/usr/lib/libgermantok.dylib
0x00007fff6a334000 	/usr/lib/libThaiTokenizer.dylib
0x00007fff69e5b000 	/usr/lib/libChineseTokenizer.dylib
0x00007fff5e2f6000 	/System/Library/PrivateFrameworks/LanguageModeling.framework/Versions/A/LanguageModeling
0x00007fff53d32000 	/System/Library/PrivateFrameworks/CoreEmoji.framework/Versions/A/CoreEmoji
0x00007fff5e3ee000 	/System/Library/PrivateFrameworks/Lexicon.framework/Versions/A/Lexicon
0x00007fff5e436000 	/System/Library/PrivateFrameworks/LinguisticData.framework/Versions/A/LinguisticData
0x00007fff6a573000 	/usr/lib/libcmph.dylib
0x00007fff4bbaa000 	/System/Library/Frameworks/ServiceManagement.framework/Versions/A/ServiceManagement
0x00007fff5135f000 	/System/Library/PrivateFrameworks/BackgroundTaskManagement.framework/Versions/A/BackgroundTaskManagement
0x00007fff6cc0a000 	/usr/lib/libxslt.1.dylib
0x00007fff3f340000 	/System/Library/Frameworks/Carbon.framework/Versions/A/Frameworks/Ink.framework/Versions/A/Ink
0x00007fff67dfc000 	/System/Library/PrivateFrameworks/TextureIO.framework/Versions/A/TextureIO
0x00007fff6a389000 	/usr/lib/libate.dylib
0x00007fff5505a000 	/System/Library/PrivateFrameworks/CrashReporterSupport.framework/Versions/A/CrashReporterSupport
0x00007fff64e2c000 	/System/Library/PrivateFrameworks/Sharing.framework/Versions/A/Sharing
0x00007fff50eeb000 	/System/Library/PrivateFrameworks/AuthKit.framework/Versions/A/AuthKit
0x00007fff5031d000 	/System/Library/PrivateFrameworks/Apple80211.framework/Versions/A/Apple80211
0x00007fff54e20000 	/System/Library/PrivateFrameworks/CoreUtils.framework/Versions/A/CoreUtils
0x00007fff41c02000 	/System/Library/Frameworks/CoreWLAN.framework/Versions/A/CoreWLAN
0x00007fff4266b000 	/System/Library/Frameworks/IOBluetooth.framework/Versions/A/IOBluetooth
0x00007fff63196000 	/System/Library/PrivateFrameworks/ProtocolBuffer.framework/Versions/A/ProtocolBuffer
0x00007fff5f3fb000 	/System/Library/PrivateFrameworks/MobileKeyBag.framework/Versions/A/MobileKeyBag
0x00007fff54648000 	/System/Library/PrivateFrameworks/CorePhoneNumbers.framework/Versions/A/CorePhoneNumbers
0x00007fff50732000 	/System/Library/PrivateFrameworks/AppleIDAuthSupport.framework/Versions/A/AppleIDAuthSupport
0x00007fff5e2c8000 	/System/Library/PrivateFrameworks/KeychainCircle.framework/Versions/A/KeychainCircle
0x00007fff63363000 	/System/Library/PrivateFrameworks/ROCKit.framework/Versions/A/ROCKit
0x00007fff54ff6000 	/System/Library/PrivateFrameworks/CoreWiFi.framework/Versions/A/CoreWiFi
0x00007fff3f8ad000 	/System/Library/Frameworks/CoreBluetooth.framework/Versions/A/CoreBluetooth
0x00007fff5524a000 	/System/Library/PrivateFrameworks/DebugSymbols.framework/Versions/A/DebugSymbols
0x00007fff54bd5000 	/System/Library/PrivateFrameworks/CoreSymbolication.framework/Versions/A/CoreSymbolication
0x00007fff675ea000 	/System/Library/PrivateFrameworks/Symbolication.framework/Versions/A/Symbolication
0x00007fff6677c000 	/System/Library/PrivateFrameworks/SpeechRecognitionCore.framework/Versions/A/SpeechRecognitionCore
0x000000010f400000 	/Library/Java/JavaVirtualMachines/jdk1.8.0_181.jdk/Contents/Home/jre/lib/server/libjvm.dylib
0x00007fff6c9d4000 	/usr/lib/libstdc++.6.dylib
0x000000010eb75000 	/Library/Java/JavaVirtualMachines/jdk1.8.0_181.jdk/Contents/Home/jre/lib/libverify.dylib
0x000000010eb83000 	/Library/Java/JavaVirtualMachines/jdk1.8.0_181.jdk/Contents/Home/jre/lib/libjava.dylib
0x00000001103bc000 	/Library/Java/JavaVirtualMachines/jdk1.8.0_181.jdk/Contents/Home/jre/lib/libzip.dylib
0x000000011bf68000 	/Library/Java/JavaVirtualMachines/jdk1.8.0_181.jdk/Contents/Home/jre/lib/libmanagement.dylib
0x000000011bf76000 	/Library/Java/JavaVirtualMachines/jdk1.8.0_181.jdk/Contents/Home/jre/lib/libnet.dylib
0x000000011bb0f000 	/Library/Java/JavaVirtualMachines/jdk1.8.0_181.jdk/Contents/Home/jre/lib/libnio.dylib

VM Arguments:
jvm_args: -Dfile.encoding=UTF-8 -Duser.country=CO -Duser.language=en -Duser.variant 
java_command: com.lunatech.App
java_class_path (initial): /Users/christiandaviddorado/Documents/Projects/imdb-api/imdb-core-api/imdb-core-starter/build/classes/java/main:/Users/christiandaviddorado/Documents/Projects/imdb-api/imdb-core-api/imdb-core-starter/build/resources/main:/Users/christiandaviddorado/Documents/Projects/imdb-api/imdb-core-api/imdb-core-api/build/libs/imdb-core-api-1.0.0-LOCAL.jar:/Users/christiandaviddorado/.gradle/caches/modules-2/files-2.1/org.springframework.boot/spring-boot-starter-web/1.4.0.RELEASE/bcefa854b75a7e0bcf612bfbe030bdcb05c9da82/spring-boot-starter-web-1.4.0.RELEASE.jar:/Users/christiandaviddorado/.gradle/caches/modules-2/files-2.1/org.springframework.boot/spring-boot-starter-actuator/1.4.0.RELEASE/5c90608bb9605b0aa3b26fb176acad01242672a/spring-boot-starter-actuator-1.4.0.RELEASE.jar:/Users/christiandaviddorado/.gradle/caches/modules-2/files-2.1/org.springframework.boot/spring-boot-starter/1.4.0.RELEASE/9eb9be27958cc17de9673a6fbbdaf16fb65a7fdc/spring-boot-starter-1.4.0.RELEASE.jar:/Users/christiandaviddorado/Documents/Projects/imdb-api/imdb-core-api/imdb-core-service/build/libs/imdb-core-service-1.0.0-LOCAL.jar:/Users/christiandaviddorado/.gradle/caches/modules-2/files-2.1/io.springfox/springfox-swagger2/2.0.3/31a49fa258286e98924bb3caf59aba57ae9ca639/springfox-swagger2-2.0.3.jar:/Users/christiandaviddorado/.gradle/caches/modules-2/files-2.1/io.springfox/springfox-swagger-common/2.0.3/e9413c28f8e232f4a35a13bdd61ed4f4d96b5eb/springfox-swagger-common-2.0.3.jar:/Users/christiandaviddorado/.gradle/caches/modules-2/files-2.1/io.springfox/springfox-spring-web/2.0.3/ec4b1d3afb64f5142ca25b90bdd67c8bce9595b4/springfox-spring-web-2.0.3.jar:/Users/christiandaviddorado/.gradle/caches/modules-2/files-2.1/io.springfox/springfox-schema/2.0.3/97164a54fafa469e55e73e07282fbff93b2a42f4/springfox-schema-2.0.3.jar:/Users/christiandaviddorado/.gradle/caches/modules-2/files-2.1/io.springfox/springfox-spi/2.0.3/86d46cd9f8ccdd1f6971ad782c7ad0fa351bf54d/springfox-spi-2.0.3.jar:/Users/c
Launcher Type: SUN_STANDARD

Environment Variables:
PATH=/Users/christiandaviddorado/.nvm/versions/node/v8.11.3/bin:/usr/local/bin:/usr/bin:/bin:/usr/sbin:/sbin:/usr/local/share/dotnet:~/.dotnet/tools:/Library/Frameworks/Mono.framework/Versions/Current/Commands
SHELL=/bin/zsh

Signal Handlers:
SIGSEGV: [libjvm.dylib+0x5b6029], sa_mask[0]=11111111011111110111111111111111, sa_flags=SA_ONSTACK|SA_RESTART|SA_SIGINFO
SIGBUS: [libjvm.dylib+0x5b6029], sa_mask[0]=11111111011111110111111111111111, sa_flags=SA_RESTART|SA_SIGINFO
SIGFPE: [libjvm.dylib+0x48b934], sa_mask[0]=11111111011111110111111111111111, sa_flags=SA_RESTART|SA_SIGINFO
SIGPIPE: [libjvm.dylib+0x48b934], sa_mask[0]=11111111011111110111111111111111, sa_flags=SA_RESTART|SA_SIGINFO
SIGXFSZ: [libjvm.dylib+0x48b934], sa_mask[0]=11111111011111110111111111111111, sa_flags=SA_RESTART|SA_SIGINFO
SIGILL: [libjvm.dylib+0x48b934], sa_mask[0]=11111111011111110111111111111111, sa_flags=SA_RESTART|SA_SIGINFO
SIGUSR1: SIG_DFL, sa_mask[0]=00000000000000000000000000000000, sa_flags=none
SIGUSR2: [libjvm.dylib+0x48b452], sa_mask[0]=00100000000000000000000000000000, sa_flags=SA_RESTART|SA_SIGINFO
SIGHUP: [libjvm.dylib+0x489a1d], sa_mask[0]=11111111011111110111111111111111, sa_flags=SA_RESTART|SA_SIGINFO
SIGINT: [libjvm.dylib+0x489a1d], sa_mask[0]=11111111011111110111111111111111, sa_flags=SA_RESTART|SA_SIGINFO
SIGTERM: [libjvm.dylib+0x489a1d], sa_mask[0]=11111111011111110111111111111111, sa_flags=SA_RESTART|SA_SIGINFO
SIGQUIT: [libjvm.dylib+0x489a1d], sa_mask[0]=11111111011111110111111111111111, sa_flags=SA_RESTART|SA_SIGINFO


---------------  S Y S T E M  ---------------

OS:Bsduname:Darwin 18.0.0 Darwin Kernel Version 18.0.0: Wed Aug 22 20:13:40 PDT 2018; root:xnu-4903.201.2~1/RELEASE_X86_64 x86_64
rlimit: STACK 8192k, CORE 0k, NPROC 1418, NOFILE 10240, AS infinity
load average:2.83 2.84 2.77

CPU:total 4 (initial active 4) (2 cores per cpu, 2 threads per core) family 6 model 69 stepping 1, cmov, cx8, fxsr, mmx, sse, sse2, sse3, ssse3, sse4.1, sse4.2, popcnt, avx, avx2, aes, clmul, erms, lzcnt, ht, tsc, tscinvbit, bmi1, bmi2

Memory: 4k page, physical 16777216k(340468k free)

/proc/meminfo:


vm_info: Java HotSpot(TM) 64-Bit Server VM (25.181-b13) for bsd-amd64 JRE (1.8.0_181-b13), built on Jul  7 2018 01:02:31 by "java_re" with gcc 4.2.1 (Based on Apple Inc. build 5658) (LLVM build 2336.11.00)

time: Thu Feb 14 01:17:23 2019
elapsed time: 279 seconds (0d 0h 4m 39s)

